<?xml version="1.0" encoding="UTF-8"?>
<!-- Generated by org.testng.reporters.JUnitXMLReporter -->
<testsuite hostname="DESKTOP-K5HOVPF" ignored="0" name="Command line test" tests="1" failures="0" timestamp="03 feb 2021 03:22:26 GMT" time="0.084" errors="0">
  <testcase name="@BeforeMethod setUp" time="0.069" classname="tests.TestReporte">
    <failure type="java.lang.IllegalStateException" message="The driver executable does not exist: D:\aldeamoAutomation\proyectoAldeamo\src\test\resources\chromedriver.exe">
      <![CDATA[java.lang.IllegalStateException: The driver executable does not exist: D:\aldeamoAutomation\proyectoAldeamo\src\test\resources\chromedriver.exe
at com.google.common.base.Preconditions.checkState(Preconditions.java:534)
at org.openqa.selenium.remote.service.DriverService.checkExecutable(DriverService.java:136)
at org.openqa.selenium.remote.service.DriverService.findExecutable(DriverService.java:131)
at org.openqa.selenium.chrome.ChromeDriverService.access$000(ChromeDriverService.java:32)
at org.openqa.selenium.chrome.ChromeDriverService$Builder.findDefaultExecutable(ChromeDriverService.java:137)
at org.openqa.selenium.remote.service.DriverService$Builder.build(DriverService.java:339)
at org.openqa.selenium.chrome.ChromeDriverService.createDefaultService(ChromeDriverService.java:88)
at org.openqa.selenium.chrome.ChromeDriver.<init>(ChromeDriver.java:123)
at tests.TestReporte.setUp(TestReporte.java:25)
... Removed 38 stack frames]]>
    </failure>
  </testcase> <!-- @BeforeMethod setUp -->
  <testcase name="@AfterMethod tearDown" time="0.0" classname="tests.TestReporte">
    <skipped/>
  </testcase> <!-- @AfterMethod tearDown -->
  <testcase name="reportes" time="0.0" classname="tests.TestReporte">
    <skipped/>
  </testcase> <!-- reportes -->
</testsuite> <!-- Command line test -->
